\BOOKMARK [0][-]{chapter.1}{\376\377\000I\000S\000C\000\040\000L\000i\000c\000e\000n\000s\000e}{}% 1
\BOOKMARK [0][-]{chapter.2}{\376\377\000R\000E\000A\000D\000M\000E}{}% 2
\BOOKMARK [1][-]{section.2.1}{\376\377\000C\000o\000d\000e\000\040\000a\000n\000d\000\040\000t\000e\000s\000t\000s\000\040\000r\000e\000a\000d\000y\000,\000\040\000d\000o\000c\000u\000m\000e\000n\000t\000a\000t\000i\000o\000n\000\040\000s\000t\000i\000l\000l\000\040\000W\000O\000R\000K\000\040\000I\000N\000\040\000P\000R\000O\000G\000R\000E\000S\000S}{chapter.2}% 3
\BOOKMARK [1][-]{section.2.2}{\376\377\000B\000a\000s\000i\000c\000\040\000p\000r\000i\000n\000c\000i\000p\000l\000e\000s}{chapter.2}% 4
\BOOKMARK [2][-]{subsection.2.2.1}{\376\377\000I\000n\000t\000r\000o\000d\000u\000c\000t\000i\000o\000n\000\040\040\023\000\040\000W\000h\000a\000t\000\040\000i\000t\000\040\000s\000o\000l\000v\000e\000s}{section.2.2}% 5
\BOOKMARK [2][-]{subsection.2.2.2}{\376\377\000T\000h\000e\000\040\000p\000a\000t\000h\000-\000p\000a\000r\000a\000m\000e\000t\000e\000r}{section.2.2}% 6
\BOOKMARK [2][-]{subsection.2.2.3}{\376\377\000S\000t\000a\000t\000i\000c\000\040\000a\000n\000d\000\040\000i\000n\000s\000t\000a\000n\000c\000e\000\040\000u\000s\000a\000g\000e}{section.2.2}% 7
\BOOKMARK [2][-]{subsection.2.2.4}{\376\377\000F\000a\000g\000u\000s\000\040\000o\000p\000t\000i\000o\000n\000s}{section.2.2}% 8
\BOOKMARK [3][-]{subsubsection*.3}{\376\377\000d\000e\000f\000a\000u\000l\000t}{subsection.2.2.4}% 9
\BOOKMARK [3][-]{subsubsection*.4}{\376\377\000d\000e\000f\000a\000u\000l\000t\000\137\000n\000o\000d\000e\000\137\000t\000y\000p\000e}{subsection.2.2.4}% 10
\BOOKMARK [3][-]{subsubsection*.5}{\376\377\000i\000f\000\137}{subsection.2.2.4}% 11
\BOOKMARK [3][-]{subsubsection*.6}{\376\377\000i\000t\000e\000r\000\137\000f\000i\000l\000l}{subsection.2.2.4}% 12
\BOOKMARK [3][-]{subsubsection*.7}{\376\377\000i\000t\000e\000r\000\137\000n\000o\000d\000e\000s}{subsection.2.2.4}% 13
\BOOKMARK [3][-]{subsubsection*.8}{\376\377\000p\000a\000t\000h\000\137\000s\000p\000l\000i\000t}{subsection.2.2.4}% 14
\BOOKMARK [2][-]{subsection.2.2.5}{\376\377\000I\000t\000e\000r\000a\000t\000i\000n\000g\000\040\000o\000v\000e\000r\000\040\000n\000e\000s\000t\000e\000d\000\040\000o\000b\000j\000e\000c\000t\000s}{section.2.2}% 15
\BOOKMARK [3][-]{subsubsection*.9}{\376\377\000S\000k\000i\000p\000p\000i\000n\000g\000\040\000n\000o\000d\000e\000s\000\040\000i\000n\000\040\000i\000t\000e\000r\000a\000t\000i\000o\000n\000.}{subsection.2.2.5}% 16
\BOOKMARK [0][-]{chapter.3}{\376\377\000f\000a\000g\000u\000s\000\040\000p\000a\000c\000k\000a\000g\000e}{}% 17
\BOOKMARK [1][-]{section.3.1}{\376\377\000S\000u\000b\000m\000o\000d\000u\000l\000e\000s}{chapter.3}% 18
\BOOKMARK [2][-]{subsection.3.1.1}{\376\377\000f\000a\000g\000u\000s\000.\000f\000a\000g\000u\000s\000\040\000m\000o\000d\000u\000l\000e}{section.3.1}% 19
\BOOKMARK [2][-]{subsection.3.1.2}{\376\377\000f\000a\000g\000u\000s\000.\000f\000i\000l\000t\000e\000r\000s\000\040\000m\000o\000d\000u\000l\000e}{section.3.1}% 20
\BOOKMARK [2][-]{subsection.3.1.3}{\376\377\000f\000a\000g\000u\000s\000.\000i\000t\000e\000r\000a\000t\000o\000r\000s\000\040\000m\000o\000d\000u\000l\000e}{section.3.1}% 21
\BOOKMARK [2][-]{subsection.3.1.4}{\376\377\000f\000a\000g\000u\000s\000.\000u\000t\000i\000l\000s\000\040\000m\000o\000d\000u\000l\000e}{section.3.1}% 22
\BOOKMARK [0][-]{chapter.4}{\376\377\000C\000h\000a\000n\000g\000e\000l\000o\000g}{}% 23
\BOOKMARK [0][-]{chapter.5}{\376\377\000C\000o\000n\000t\000r\000i\000b\000u\000t\000i\000n\000g\000\040\000t\000o\000\040\000F\000a\000g\000u\000s}{}% 24
\BOOKMARK [1][-]{section.5.1}{\376\377\000T\000a\000b\000l\000e\000\040\000o\000f\000\040\000c\000o\000n\000t\000e\000n\000t\000s}{chapter.5}% 25
\BOOKMARK [1][-]{section.5.2}{\376\377\000F\000a\000g\000u\000s\000\040\000P\000r\000i\000n\000c\000i\000p\000l\000e\000s}{chapter.5}% 26
\BOOKMARK [1][-]{section.5.3}{\376\377\000H\000o\000w\000\040\000C\000a\000n\000\040\000I\000\040\000C\000o\000n\000t\000r\000i\000b\000u\000t\000e\000?}{chapter.5}% 27
\BOOKMARK [2][-]{subsection.5.3.1}{\376\377\000R\000e\000p\000o\000r\000t\000i\000n\000g\000\040\000B\000u\000g\000s}{section.5.3}% 28
\BOOKMARK [3][-]{subsubsection*.131}{\376\377\000B\000e\000f\000o\000r\000e\000\040\000S\000u\000b\000m\000i\000t\000t\000i\000n\000g\000\040\000A\000\040\000B\000u\000g\000\040\000R\000e\000p\000o\000r\000t}{subsection.5.3.1}% 29
\BOOKMARK [3][-]{subsubsection*.132}{\376\377\000H\000o\000w\000\040\000D\000o\000\040\000I\000\040\000S\000u\000b\000m\000i\000t\000\040\000A\000\040\000\050\000G\000o\000o\000d\000\051\000\040\000B\000u\000g\000\040\000R\000e\000p\000o\000r\000t\000?}{subsection.5.3.1}% 30
\BOOKMARK [2][-]{subsection.5.3.2}{\376\377\000R\000e\000q\000u\000e\000s\000t\000i\000n\000g\000\040\000N\000e\000w\000\040\000F\000e\000a\000t\000u\000r\000e\000s}{section.5.3}% 31
\BOOKMARK [3][-]{subsubsection*.133}{\376\377\000B\000e\000f\000o\000r\000e\000\040\000S\000u\000b\000m\000i\000t\000t\000i\000n\000g\000\040\000A\000\040\000F\000e\000a\000t\000u\000r\000e\000\040\000R\000e\000q\000u\000e\000s\000t}{subsection.5.3.2}% 32
\BOOKMARK [3][-]{subsubsection*.134}{\376\377\000H\000o\000w\000\040\000D\000o\000\040\000I\000\040\000S\000u\000b\000m\000i\000t\000\040\000A\000\040\000\050\000G\000o\000o\000d\000\051\000\040\000F\000e\000a\000t\000u\000r\000e\000\040\000R\000e\000q\000u\000e\000s\000t\000?}{subsection.5.3.2}% 33
\BOOKMARK [1][-]{section.5.4}{\376\377\000D\000e\000v\000e\000l\000o\000p\000i\000n\000g\000\040\000F\000a\000g\000u\000s}{chapter.5}% 34
\BOOKMARK [2][-]{subsection.5.4.1}{\376\377\000S\000o\000f\000t\000w\000a\000r\000e\000\040\000D\000e\000p\000e\000n\000d\000e\000n\000c\000i\000e\000s\000\040\000F\000o\000r\000\040\000D\000e\000v\000e\000l\000o\000p\000m\000e\000n\000t}{section.5.4}% 35
\BOOKMARK [2][-]{subsection.5.4.2}{\376\377\000C\000o\000d\000e\000\040\000S\000t\000y\000l\000i\000n\000g\000\040\000G\000u\000i\000d\000e\000l\000i\000n\000e\000s}{section.5.4}% 36
\BOOKMARK [2][-]{subsection.5.4.3}{\376\377\000S\000e\000t\000t\000i\000n\000g\000\040\000U\000p\000\040\000A\000\040\000L\000o\000c\000a\000l\000\040\000F\000a\000g\000u\000s\000\040\000D\000e\000v\000e\000l\000o\000p\000i\000n\000g\000\040\000E\000n\000v\000i\000r\000o\000n\000m\000e\000n\000t}{section.5.4}% 37
\BOOKMARK [2][-]{subsection.5.4.4}{\376\377\000S\000u\000b\000m\000i\000t\000t\000i\000n\000g\000\040\000P\000u\000l\000l\000\040\000R\000e\000q\000u\000e\000s\000t\000s\000\040\000f\000o\000r\000\040\000F\000a\000g\000u\000s}{section.5.4}% 38
\BOOKMARK [3][-]{subsubsection*.135}{\376\377\000T\000e\000s\000t\000s}{subsection.5.4.4}% 39
\BOOKMARK [3][-]{subsubsection*.136}{\376\377\000C\000o\000m\000m\000i\000t\000t\000i\000n\000g\000\040\000u\000s\000i\000n\000g\000\040\000p\000r\000e\000-\000c\000o\000m\000m\000i\000t\000\040\000a\000n\000d\000\040\000c\000o\000m\000m\000i\000t\000i\000z\000e\000n}{subsection.5.4.4}% 40
\BOOKMARK [3][-]{subsubsection*.137}{\376\377\000R\000e\000l\000e\000a\000s\000i\000n\000g\000\040\000A\000\040\000N\000e\000w\000\040\000F\000a\000g\000u\000s\000\040\000P\000a\000c\000k\000a\000g\000e\000\040\000o\000n\000\040\000P\000y\000P\000i}{subsection.5.4.4}% 41
\BOOKMARK [0][-]{section*.138}{\376\377\000P\000y\000t\000h\000o\000n\000\040\000M\000o\000d\000u\000l\000e\000\040\000I\000n\000d\000e\000x}{}% 42
\BOOKMARK [0][-]{section*.139}{\376\377\000I\000n\000d\000e\000x}{}% 43
